2024-08-28T16:20:52.619Z info: App listening on port 5003!
2024-08-28T16:22:19.859Z info: App listening on port 5003!
2024-08-28T16:28:15.080Z info: App listening on port 5003!
2024-08-28T16:31:33.874Z info: App listening on port 5003!
2024-08-28T16:31:38.829Z info: Teachers Data!{
  _id: new ObjectId("66ca30dda0e8f692108a87b7"),
  teacher_id: 96936,
  email: 'asmanoushin1.786@gmail.com',
  name: 'test1',
  dob: 1990-05-29T00:00:00.000Z,
  gender: 'female',
  address: 'test1',
  phone: '9823902682',
  date_of_join: 2024-08-25T00:00:00.000Z,
  classroom: [],
  __v: 0
},{
  _id: new ObjectId("66ca30eea0e8f692108a87ba"),
  teacher_id: 65202,
  email: 'asmanoushin11.786@gmail.com',
  name: 'test11',
  dob: 1990-05-29T00:00:00.000Z,
  gender: 'female',
  address: 'test11',
  phone: '9823902682',
  date_of_join: 2024-08-25T00:00:00.000Z,
  classroom: [],
  __v: 0
},{
  _id: new ObjectId("66ca3143a0e8f692108a87bf"),
  teacher_id: 86830,
  email: 'asmanoushin.786@gmail.com',
  name: 'Asma Shaik',
  dob: 2024-08-25T00:00:00.000Z,
  gender: 'female',
  address: 'test',
  phone: '9823902682',
  date_of_join: 2024-08-25T00:00:00.000Z,
  classroom: [],
  __v: 0
}
2024-08-28T17:08:55.502Z info: App listening on port 5003!
2024-08-28T17:11:05.242Z info: App listening on port 5003!
2024-08-28T17:16:13.190Z info: App listening on port 5003!
2024-08-28T17:16:50.120Z info: Teachers Data!{
  _id: new ObjectId("66ca30dda0e8f692108a87b7"),
  teacher_id: 96936,
  email: 'asmanoushin1.786@gmail.com',
  name: 'test1',
  dob: 1990-05-29T00:00:00.000Z,
  gender: 'female',
  address: 'test1',
  phone: '9823902682',
  date_of_join: 2024-08-25T00:00:00.000Z,
  classroom: [],
  __v: 0
},{
  _id: new ObjectId("66ca30eea0e8f692108a87ba"),
  teacher_id: 65202,
  email: 'asmanoushin11.786@gmail.com',
  name: 'test11',
  dob: 1990-05-29T00:00:00.000Z,
  gender: 'female',
  address: 'test11',
  phone: '9823902682',
  date_of_join: 2024-08-25T00:00:00.000Z,
  classroom: [],
  __v: 0
},{
  _id: new ObjectId("66ca3143a0e8f692108a87bf"),
  teacher_id: 86830,
  email: 'asmanoushin.786@gmail.com',
  name: 'Asma Shaik',
  dob: 2024-08-25T00:00:00.000Z,
  gender: 'female',
  address: 'test',
  phone: '9823902682',
  date_of_join: 2024-08-25T00:00:00.000Z,
  classroom: [],
  __v: 0
}
2024-08-28T17:16:50.129Z info: Teachers Data!{
  _id: new ObjectId("66ca30dda0e8f692108a87b7"),
  teacher_id: 96936,
  email: 'asmanoushin1.786@gmail.com',
  name: 'test1',
  dob: 1990-05-29T00:00:00.000Z,
  gender: 'female',
  address: 'test1',
  phone: '9823902682',
  date_of_join: 2024-08-25T00:00:00.000Z,
  classroom: [],
  __v: 0
},{
  _id: new ObjectId("66ca30eea0e8f692108a87ba"),
  teacher_id: 65202,
  email: 'asmanoushin11.786@gmail.com',
  name: 'test11',
  dob: 1990-05-29T00:00:00.000Z,
  gender: 'female',
  address: 'test11',
  phone: '9823902682',
  date_of_join: 2024-08-25T00:00:00.000Z,
  classroom: [],
  __v: 0
},{
  _id: new ObjectId("66ca3143a0e8f692108a87bf"),
  teacher_id: 86830,
  email: 'asmanoushin.786@gmail.com',
  name: 'Asma Shaik',
  dob: 2024-08-25T00:00:00.000Z,
  gender: 'female',
  address: 'test',
  phone: '9823902682',
  date_of_join: 2024-08-25T00:00:00.000Z,
  classroom: [],
  __v: 0
}
2024-08-28T17:16:58.284Z info: Teachers Data!{
  _id: new ObjectId("66ca30dda0e8f692108a87b7"),
  teacher_id: 96936,
  email: 'asmanoushin1.786@gmail.com',
  name: 'test1',
  dob: 1990-05-29T00:00:00.000Z,
  gender: 'female',
  address: 'test1',
  phone: '9823902682',
  date_of_join: 2024-08-25T00:00:00.000Z,
  classroom: [],
  __v: 0
},{
  _id: new ObjectId("66ca30eea0e8f692108a87ba"),
  teacher_id: 65202,
  email: 'asmanoushin11.786@gmail.com',
  name: 'test11',
  dob: 1990-05-29T00:00:00.000Z,
  gender: 'female',
  address: 'test11',
  phone: '9823902682',
  date_of_join: 2024-08-25T00:00:00.000Z,
  classroom: [],
  __v: 0
},{
  _id: new ObjectId("66ca3143a0e8f692108a87bf"),
  teacher_id: 86830,
  email: 'asmanoushin.786@gmail.com',
  name: 'Asma Shaik',
  dob: 2024-08-25T00:00:00.000Z,
  gender: 'female',
  address: 'test',
  phone: '9823902682',
  date_of_join: 2024-08-25T00:00:00.000Z,
  classroom: [],
  __v: 0
}
2024-08-28T17:16:58.296Z info: Teachers Data!{
  _id: new ObjectId("66ca30dda0e8f692108a87b7"),
  teacher_id: 96936,
  email: 'asmanoushin1.786@gmail.com',
  name: 'test1',
  dob: 1990-05-29T00:00:00.000Z,
  gender: 'female',
  address: 'test1',
  phone: '9823902682',
  date_of_join: 2024-08-25T00:00:00.000Z,
  classroom: [],
  __v: 0
},{
  _id: new ObjectId("66ca30eea0e8f692108a87ba"),
  teacher_id: 65202,
  email: 'asmanoushin11.786@gmail.com',
  name: 'test11',
  dob: 1990-05-29T00:00:00.000Z,
  gender: 'female',
  address: 'test11',
  phone: '9823902682',
  date_of_join: 2024-08-25T00:00:00.000Z,
  classroom: [],
  __v: 0
},{
  _id: new ObjectId("66ca3143a0e8f692108a87bf"),
  teacher_id: 86830,
  email: 'asmanoushin.786@gmail.com',
  name: 'Asma Shaik',
  dob: 2024-08-25T00:00:00.000Z,
  gender: 'female',
  address: 'test',
  phone: '9823902682',
  date_of_join: 2024-08-25T00:00:00.000Z,
  classroom: [],
  __v: 0
}
2024-08-28T17:17:11.883Z info: Teachers Data!{
  _id: new ObjectId("66ca30dda0e8f692108a87b7"),
  teacher_id: 96936,
  email: 'asmanoushin1.786@gmail.com',
  name: 'test1',
  dob: 1990-05-29T00:00:00.000Z,
  gender: 'female',
  address: 'test1',
  phone: '9823902682',
  date_of_join: 2024-08-25T00:00:00.000Z,
  classroom: [],
  __v: 0
},{
  _id: new ObjectId("66ca30eea0e8f692108a87ba"),
  teacher_id: 65202,
  email: 'asmanoushin11.786@gmail.com',
  name: 'test11',
  dob: 1990-05-29T00:00:00.000Z,
  gender: 'female',
  address: 'test11',
  phone: '9823902682',
  date_of_join: 2024-08-25T00:00:00.000Z,
  classroom: [],
  __v: 0
},{
  _id: new ObjectId("66ca3143a0e8f692108a87bf"),
  teacher_id: 86830,
  email: 'asmanoushin.786@gmail.com',
  name: 'Asma Shaik',
  dob: 2024-08-25T00:00:00.000Z,
  gender: 'female',
  address: 'test',
  phone: '9823902682',
  date_of_join: 2024-08-25T00:00:00.000Z,
  classroom: [],
  __v: 0
}
2024-08-28T17:17:11.892Z info: Teachers Data!{
  _id: new ObjectId("66ca30dda0e8f692108a87b7"),
  teacher_id: 96936,
  email: 'asmanoushin1.786@gmail.com',
  name: 'test1',
  dob: 1990-05-29T00:00:00.000Z,
  gender: 'female',
  address: 'test1',
  phone: '9823902682',
  date_of_join: 2024-08-25T00:00:00.000Z,
  classroom: [],
  __v: 0
},{
  _id: new ObjectId("66ca30eea0e8f692108a87ba"),
  teacher_id: 65202,
  email: 'asmanoushin11.786@gmail.com',
  name: 'test11',
  dob: 1990-05-29T00:00:00.000Z,
  gender: 'female',
  address: 'test11',
  phone: '9823902682',
  date_of_join: 2024-08-25T00:00:00.000Z,
  classroom: [],
  __v: 0
},{
  _id: new ObjectId("66ca3143a0e8f692108a87bf"),
  teacher_id: 86830,
  email: 'asmanoushin.786@gmail.com',
  name: 'Asma Shaik',
  dob: 2024-08-25T00:00:00.000Z,
  gender: 'female',
  address: 'test',
  phone: '9823902682',
  date_of_join: 2024-08-25T00:00:00.000Z,
  classroom: [],
  __v: 0
}
2024-08-28T17:17:47.419Z info: Teachers Data!{
  _id: new ObjectId("66ca30dda0e8f692108a87b7"),
  teacher_id: 96936,
  email: 'asmanoushin1.786@gmail.com',
  name: 'test1',
  dob: 1990-05-29T00:00:00.000Z,
  gender: 'female',
  address: 'test1',
  phone: '9823902682',
  date_of_join: 2024-08-25T00:00:00.000Z,
  classroom: [],
  __v: 0
},{
  _id: new ObjectId("66ca30eea0e8f692108a87ba"),
  teacher_id: 65202,
  email: 'asmanoushin11.786@gmail.com',
  name: 'test11',
  dob: 1990-05-29T00:00:00.000Z,
  gender: 'female',
  address: 'test11',
  phone: '9823902682',
  date_of_join: 2024-08-25T00:00:00.000Z,
  classroom: [],
  __v: 0
},{
  _id: new ObjectId("66ca3143a0e8f692108a87bf"),
  teacher_id: 86830,
  email: 'asmanoushin.786@gmail.com',
  name: 'Asma Shaik',
  dob: 2024-08-25T00:00:00.000Z,
  gender: 'female',
  address: 'test',
  phone: '9823902682',
  date_of_join: 2024-08-25T00:00:00.000Z,
  classroom: [],
  __v: 0
}
2024-08-28T17:17:47.428Z info: Teachers Data!{
  _id: new ObjectId("66ca30dda0e8f692108a87b7"),
  teacher_id: 96936,
  email: 'asmanoushin1.786@gmail.com',
  name: 'test1',
  dob: 1990-05-29T00:00:00.000Z,
  gender: 'female',
  address: 'test1',
  phone: '9823902682',
  date_of_join: 2024-08-25T00:00:00.000Z,
  classroom: [],
  __v: 0
},{
  _id: new ObjectId("66ca30eea0e8f692108a87ba"),
  teacher_id: 65202,
  email: 'asmanoushin11.786@gmail.com',
  name: 'test11',
  dob: 1990-05-29T00:00:00.000Z,
  gender: 'female',
  address: 'test11',
  phone: '9823902682',
  date_of_join: 2024-08-25T00:00:00.000Z,
  classroom: [],
  __v: 0
},{
  _id: new ObjectId("66ca3143a0e8f692108a87bf"),
  teacher_id: 86830,
  email: 'asmanoushin.786@gmail.com',
  name: 'Asma Shaik',
  dob: 2024-08-25T00:00:00.000Z,
  gender: 'female',
  address: 'test',
  phone: '9823902682',
  date_of_join: 2024-08-25T00:00:00.000Z,
  classroom: [],
  __v: 0
}
2024-08-28T18:02:05.983Z info: App listening on port 5003!
2024-08-28T18:05:30.534Z info: App listening on port 5003!
2024-08-28T18:06:56.167Z info: Teachers Data!{
  _id: new ObjectId("66ca30dda0e8f692108a87b7"),
  teacher_id: 96936,
  email: 'asmanoushin1.786@gmail.com',
  name: 'test1',
  dob: 1990-05-29T00:00:00.000Z,
  gender: 'female',
  address: 'test1',
  phone: '9823902682',
  date_of_join: 2024-08-25T00:00:00.000Z,
  classroom: [],
  __v: 0
},{
  _id: new ObjectId("66ca30eea0e8f692108a87ba"),
  teacher_id: 65202,
  email: 'asmanoushin11.786@gmail.com',
  name: 'test11',
  dob: 1990-05-29T00:00:00.000Z,
  gender: 'female',
  address: 'test11',
  phone: '9823902682',
  date_of_join: 2024-08-25T00:00:00.000Z,
  classroom: [],
  __v: 0
},{
  _id: new ObjectId("66ca3143a0e8f692108a87bf"),
  teacher_id: 86830,
  email: 'asmanoushin.786@gmail.com',
  name: 'Asma Shaik',
  dob: 2024-08-25T00:00:00.000Z,
  gender: 'female',
  address: 'test',
  phone: '9823902682',
  date_of_join: 2024-08-25T00:00:00.000Z,
  classroom: [],
  __v: 0
}
2024-08-28T18:06:56.179Z info: Teachers Data!{
  _id: new ObjectId("66ca30dda0e8f692108a87b7"),
  teacher_id: 96936,
  email: 'asmanoushin1.786@gmail.com',
  name: 'test1',
  dob: 1990-05-29T00:00:00.000Z,
  gender: 'female',
  address: 'test1',
  phone: '9823902682',
  date_of_join: 2024-08-25T00:00:00.000Z,
  classroom: [],
  __v: 0
},{
  _id: new ObjectId("66ca30eea0e8f692108a87ba"),
  teacher_id: 65202,
  email: 'asmanoushin11.786@gmail.com',
  name: 'test11',
  dob: 1990-05-29T00:00:00.000Z,
  gender: 'female',
  address: 'test11',
  phone: '9823902682',
  date_of_join: 2024-08-25T00:00:00.000Z,
  classroom: [],
  __v: 0
},{
  _id: new ObjectId("66ca3143a0e8f692108a87bf"),
  teacher_id: 86830,
  email: 'asmanoushin.786@gmail.com',
  name: 'Asma Shaik',
  dob: 2024-08-25T00:00:00.000Z,
  gender: 'female',
  address: 'test',
  phone: '9823902682',
  date_of_join: 2024-08-25T00:00:00.000Z,
  classroom: [],
  __v: 0
}
2024-08-28T18:13:27.430Z info: App listening on port 5003!
2024-08-28T18:15:14.100Z info: App listening on port 5003!
2024-08-28T18:15:57.497Z info: App listening on port 5003!
2024-08-28T18:26:29.550Z info: App listening on port 5003!
2024-08-28T18:26:59.483Z info: Teachers Data!{
  _id: new ObjectId("66ca30dda0e8f692108a87b7"),
  teacher_id: 96936,
  email: 'asmanoushin1.786@gmail.com',
  name: 'test1',
  dob: 1990-05-29T00:00:00.000Z,
  gender: 'female',
  address: 'test1',
  phone: '9823902682',
  date_of_join: 2024-08-25T00:00:00.000Z,
  classroom: [],
  __v: 0
},{
  _id: new ObjectId("66ca30eea0e8f692108a87ba"),
  teacher_id: 65202,
  email: 'asmanoushin11.786@gmail.com',
  name: 'test11',
  dob: 1990-05-29T00:00:00.000Z,
  gender: 'female',
  address: 'test11',
  phone: '9823902682',
  date_of_join: 2024-08-25T00:00:00.000Z,
  classroom: [],
  __v: 0
},{
  _id: new ObjectId("66ca3143a0e8f692108a87bf"),
  teacher_id: 86830,
  email: 'asmanoushin.786@gmail.com',
  name: 'Asma Shaik',
  dob: 2024-08-25T00:00:00.000Z,
  gender: 'female',
  address: 'test',
  phone: '9823902682',
  date_of_join: 2024-08-25T00:00:00.000Z,
  classroom: [],
  __v: 0
}
2024-08-28T18:26:59.495Z info: Teachers Data!{
  _id: new ObjectId("66ca30dda0e8f692108a87b7"),
  teacher_id: 96936,
  email: 'asmanoushin1.786@gmail.com',
  name: 'test1',
  dob: 1990-05-29T00:00:00.000Z,
  gender: 'female',
  address: 'test1',
  phone: '9823902682',
  date_of_join: 2024-08-25T00:00:00.000Z,
  classroom: [],
  __v: 0
},{
  _id: new ObjectId("66ca30eea0e8f692108a87ba"),
  teacher_id: 65202,
  email: 'asmanoushin11.786@gmail.com',
  name: 'test11',
  dob: 1990-05-29T00:00:00.000Z,
  gender: 'female',
  address: 'test11',
  phone: '9823902682',
  date_of_join: 2024-08-25T00:00:00.000Z,
  classroom: [],
  __v: 0
},{
  _id: new ObjectId("66ca3143a0e8f692108a87bf"),
  teacher_id: 86830,
  email: 'asmanoushin.786@gmail.com',
  name: 'Asma Shaik',
  dob: 2024-08-25T00:00:00.000Z,
  gender: 'female',
  address: 'test',
  phone: '9823902682',
  date_of_join: 2024-08-25T00:00:00.000Z,
  classroom: [],
  __v: 0
}
2024-08-28T18:35:04.539Z info: App listening on port 5003!
2024-08-28T18:35:19.663Z info: Teachers Data!{
  _id: new ObjectId("66ca30dda0e8f692108a87b7"),
  teacher_id: 96936,
  email: 'asmanoushin1.786@gmail.com',
  name: 'test1',
  dob: 1990-05-29T00:00:00.000Z,
  gender: 'female',
  address: 'test1',
  phone: '9823902682',
  date_of_join: 2024-08-25T00:00:00.000Z,
  classroom: [],
  __v: 0
},{
  _id: new ObjectId("66ca30eea0e8f692108a87ba"),
  teacher_id: 65202,
  email: 'asmanoushin11.786@gmail.com',
  name: 'test11',
  dob: 1990-05-29T00:00:00.000Z,
  gender: 'female',
  address: 'test11',
  phone: '9823902682',
  date_of_join: 2024-08-25T00:00:00.000Z,
  classroom: [],
  __v: 0
},{
  _id: new ObjectId("66ca3143a0e8f692108a87bf"),
  teacher_id: 86830,
  email: 'asmanoushin.786@gmail.com',
  name: 'Asma Shaik',
  dob: 2024-08-25T00:00:00.000Z,
  gender: 'female',
  address: 'test',
  phone: '9823902682',
  date_of_join: 2024-08-25T00:00:00.000Z,
  classroom: [],
  __v: 0
}
2024-08-28T18:35:19.675Z info: Teachers Data!{
  _id: new ObjectId("66ca30dda0e8f692108a87b7"),
  teacher_id: 96936,
  email: 'asmanoushin1.786@gmail.com',
  name: 'test1',
  dob: 1990-05-29T00:00:00.000Z,
  gender: 'female',
  address: 'test1',
  phone: '9823902682',
  date_of_join: 2024-08-25T00:00:00.000Z,
  classroom: [],
  __v: 0
},{
  _id: new ObjectId("66ca30eea0e8f692108a87ba"),
  teacher_id: 65202,
  email: 'asmanoushin11.786@gmail.com',
  name: 'test11',
  dob: 1990-05-29T00:00:00.000Z,
  gender: 'female',
  address: 'test11',
  phone: '9823902682',
  date_of_join: 2024-08-25T00:00:00.000Z,
  classroom: [],
  __v: 0
},{
  _id: new ObjectId("66ca3143a0e8f692108a87bf"),
  teacher_id: 86830,
  email: 'asmanoushin.786@gmail.com',
  name: 'Asma Shaik',
  dob: 2024-08-25T00:00:00.000Z,
  gender: 'female',
  address: 'test',
  phone: '9823902682',
  date_of_join: 2024-08-25T00:00:00.000Z,
  classroom: [],
  __v: 0
}
2024-08-28T18:35:51.037Z info: Teachers Data!{
  _id: new ObjectId("66ca30dda0e8f692108a87b7"),
  teacher_id: 96936,
  email: 'asmanoushin1.786@gmail.com',
  name: 'test1',
  dob: 1990-05-29T00:00:00.000Z,
  gender: 'female',
  address: 'test1',
  phone: '9823902682',
  date_of_join: 2024-08-25T00:00:00.000Z,
  classroom: [],
  __v: 0
},{
  _id: new ObjectId("66ca30eea0e8f692108a87ba"),
  teacher_id: 65202,
  email: 'asmanoushin11.786@gmail.com',
  name: 'test11',
  dob: 1990-05-29T00:00:00.000Z,
  gender: 'female',
  address: 'test11',
  phone: '9823902682',
  date_of_join: 2024-08-25T00:00:00.000Z,
  classroom: [],
  __v: 0
},{
  _id: new ObjectId("66ca3143a0e8f692108a87bf"),
  teacher_id: 86830,
  email: 'asmanoushin.786@gmail.com',
  name: 'Asma Shaik',
  dob: 2024-08-25T00:00:00.000Z,
  gender: 'female',
  address: 'test',
  phone: '9823902682',
  date_of_join: 2024-08-25T00:00:00.000Z,
  classroom: [],
  __v: 0
}
2024-08-28T18:35:51.052Z info: Teachers Data!{
  _id: new ObjectId("66ca30dda0e8f692108a87b7"),
  teacher_id: 96936,
  email: 'asmanoushin1.786@gmail.com',
  name: 'test1',
  dob: 1990-05-29T00:00:00.000Z,
  gender: 'female',
  address: 'test1',
  phone: '9823902682',
  date_of_join: 2024-08-25T00:00:00.000Z,
  classroom: [],
  __v: 0
},{
  _id: new ObjectId("66ca30eea0e8f692108a87ba"),
  teacher_id: 65202,
  email: 'asmanoushin11.786@gmail.com',
  name: 'test11',
  dob: 1990-05-29T00:00:00.000Z,
  gender: 'female',
  address: 'test11',
  phone: '9823902682',
  date_of_join: 2024-08-25T00:00:00.000Z,
  classroom: [],
  __v: 0
},{
  _id: new ObjectId("66ca3143a0e8f692108a87bf"),
  teacher_id: 86830,
  email: 'asmanoushin.786@gmail.com',
  name: 'Asma Shaik',
  dob: 2024-08-25T00:00:00.000Z,
  gender: 'female',
  address: 'test',
  phone: '9823902682',
  date_of_join: 2024-08-25T00:00:00.000Z,
  classroom: [],
  __v: 0
}
2024-08-28T18:35:57.411Z info: App listening on port 5003!
2024-08-28T18:38:48.791Z info: App listening on port 5003!
2024-08-28T18:49:55.767Z info: App listening on port 5003!
2024-08-29T04:33:49.060Z info: App listening on port 5003!
2024-08-29T05:00:47.596Z info: App listening on port 5003!
2024-08-29T05:12:59.406Z info: App listening on port 5003!
2024-08-29T05:13:32.077Z info: App listening on port 5003!
2024-08-29T05:51:48.759Z info: App listening on port 5003!
2024-08-29T05:53:17.119Z info: App listening on port 5003!
2024-08-29T06:16:22.725Z info: App listening on port 5003!
2024-08-29T06:17:12.317Z info: App listening on port 5003!
2024-08-29T06:18:11.331Z info: App listening on port 5003!
2024-08-29T06:21:21.168Z info: App listening on port 5003!
2024-08-29T06:36:36.647Z info: App listening on port 5003!
2024-08-29T06:44:50.621Z info: App listening on port 5003!
2024-08-29T07:09:39.048Z info: App listening on port 5003!
2024-08-29T07:34:09.465Z info: App listening on port 5003!
2024-08-29T07:39:34.758Z info: App listening on port 5003!
2024-08-31T06:38:42.621Z info: App listening on port 5003!
2024-09-02T08:48:50.131Z info: App listening on port 5003!
2024-09-02T17:28:40.691Z info: App listening on port 5003!
2024-09-02T17:31:23.245Z info: App listening on port 5003!
2024-09-03T05:47:58.787Z info: App listening on port 5003!
2024-09-04T07:24:31.755Z info: App listening on port 5003!
2024-09-04T07:25:05.510Z info: App listening on port 5003!
2024-09-04T07:27:32.546Z info: App listening on port 5003!
2024-09-04T07:27:43.033Z info: App listening on port 5003!
2024-09-09T07:45:07.856Z info: App listening on port 5003!
2024-09-10T09:45:31.167Z info: App listening on port 5003!
2024-09-11T04:26:35.115Z info: App listening on port 5003!
2024-09-11T05:01:14.802Z info: App listening on port 5003!
2024-09-11T05:29:37.657Z info: App listening on port 5003!
2024-09-11T16:15:47.933Z info: App listening on port 5003!
2024-09-11T16:18:18.703Z info: App listening on port 5003!
2024-09-12T06:28:40.919Z info: App listening on port 5003!
2024-09-12T06:33:10.777Z info: App listening on port 5003!
2024-09-12T06:35:47.567Z info: App listening on port 5003!
2024-09-12T06:37:26.480Z info: App listening on port 5003!
2024-09-12T06:38:53.787Z info: App listening on port 5003!
2024-09-12T06:43:24.616Z info: App listening on port 5003!
2024-09-12T06:45:40.127Z info: App listening on port 5003!
2024-09-12T09:42:23.041Z info: App listening on port 5003!
2024-09-12T09:50:36.203Z info: App listening on port 5003!
2024-09-12T11:30:17.318Z info: App listening on port 5003!
2024-09-12T11:30:47.657Z info: App listening on port 5003!
2024-09-12T11:34:45.016Z info: App listening on port 5003!
2024-09-12T11:35:21.944Z info: App listening on port 5003!
2024-09-12T16:15:53.623Z info: App listening on port 5003!
2024-09-12T16:21:55.155Z info: App listening on port 5003!
2024-09-12T16:38:36.774Z info: App listening on port 5003!
2024-09-12T16:45:18.226Z info: App listening on port 5003!
2024-09-12T17:10:18.736Z info: App listening on port 5003!
2024-09-12T17:14:31.709Z info: App listening on port 5003!
2024-09-12T17:15:37.537Z info: App listening on port 5003!
2024-09-12T17:18:44.622Z info: App listening on port 5003!
2024-09-12T17:27:00.449Z info: App listening on port 5003!
2024-09-12T17:32:39.263Z info: App listening on port 5003!
2024-09-12T17:37:44.392Z info: App listening on port 5003!
2024-09-12T17:39:54.014Z info: App listening on port 5003!
2024-09-12T17:53:51.445Z info: App listening on port 5003!
2024-09-12T17:57:10.546Z info: App listening on port 5003!
2024-09-12T17:58:11.438Z info: App listening on port 5003!
2024-09-12T18:00:18.474Z info: App listening on port 5003!
2024-09-12T18:18:42.238Z info: App listening on port 5003!
2024-09-12T18:22:08.839Z info: App listening on port 5003!
2024-09-12T18:26:24.905Z info: App listening on port 5003!
2024-09-12T18:27:56.066Z info: App listening on port 5003!
2024-09-13T08:59:41.055Z info: App listening on port 5003!
2024-09-13T09:45:24.566Z info: App listening on port 5003!
2024-09-13T09:48:37.222Z info: App listening on port 5003!
2024-09-13T09:49:41.555Z info: App listening on port 5003!
2024-09-13T09:51:42.738Z info: App listening on port 5003!
2024-09-13T09:53:03.112Z info: App listening on port 5003!
2024-09-13T09:53:36.685Z info: App listening on port 5003!
2024-09-13T09:55:17.319Z info: App listening on port 5003!
2024-09-13T09:56:37.634Z info: App listening on port 5003!
2024-09-13T09:57:19.820Z info: App listening on port 5003!
2024-09-13T10:03:12.598Z info: App listening on port 5003!
2024-09-13T10:04:24.684Z info: App listening on port 5003!
2024-09-13T10:07:19.699Z info: App listening on port 5003!
2024-09-13T10:09:16.730Z info: App listening on port 5003!
2024-09-13T10:11:44.775Z info: App listening on port 5003!
2024-09-14T05:32:03.559Z info: App listening on port 5003!
2024-09-14T05:50:11.102Z info: App listening on port 5003!
2024-09-14T05:54:25.979Z info: App listening on port 5003!
2024-09-14T09:05:06.936Z info: App listening on port 5003!
2024-09-14T09:05:56.124Z info: App listening on port 5003!
2024-09-14T09:06:28.587Z info: App listening on port 5003!
2024-09-14T09:07:00.852Z info: App listening on port 5003!
2024-09-14T09:53:45.917Z info: App listening on port 5003!
2024-09-14T09:59:47.069Z info: App listening on port 5003!
2024-09-14T10:53:47.715Z info: App listening on port 5003!
2024-09-15T07:01:38.372Z info: App listening on port 5003!
2024-09-15T16:49:08.060Z info: App listening on port 5003!
2024-09-15T16:50:31.358Z info: App listening on port 5003!
2024-09-15T18:06:50.302Z info: App listening on port 5003!
2024-09-15T18:11:46.233Z info: App listening on port 5003!
2024-09-15T18:22:24.802Z info: App listening on port 5003!
2024-09-15T18:29:22.666Z info: App listening on port 5003!
2024-09-15T18:30:51.527Z info: App listening on port 5003!
2024-09-15T18:31:33.350Z info: App listening on port 5003!
2024-09-15T18:34:55.656Z info: App listening on port 5003!
2024-09-15T18:35:42.190Z info: App listening on port 5003!
2024-09-15T18:37:15.269Z info: App listening on port 5003!
2024-09-19T06:01:10.239Z info: App listening on port 5003!
2024-09-19T06:02:38.449Z info: App listening on port 5003!
2024-09-20T15:16:27.414Z info: App listening on port 5003!
2024-09-21T14:04:34.555Z info: App listening on port 5003!
2024-09-21T17:03:38.639Z info: App listening on port 5003!
2024-09-21T17:04:13.740Z info: App listening on port 5003!
2024-09-21T17:04:35.837Z info: App listening on port 5003!
2024-09-21T17:21:28.435Z info: App listening on port 5003!
2024-09-21T17:23:25.061Z info: App listening on port 5003!
2024-09-21T17:24:11.348Z info: App listening on port 5003!
2024-09-21T17:28:03.511Z info: App listening on port 5003!
2024-09-21T17:33:14.189Z info: App listening on port 5003!
2024-09-21T17:35:01.196Z info: App listening on port 5003!
2024-09-21T17:39:32.023Z info: App listening on port 5003!
2024-09-21T17:42:10.889Z info: App listening on port 5003!
2024-09-21T18:39:13.698Z info: App listening on port 5003!
2024-09-21T18:39:53.654Z info: App listening on port 5003!
2024-09-21T18:40:44.516Z info: App listening on port 5003!
2024-09-21T18:44:45.270Z info: App listening on port 5003!
2024-09-21T18:45:05.603Z info: App listening on port 5003!
2024-09-21T18:46:20.144Z info: App listening on port 5003!
2024-09-21T18:47:20.939Z info: App listening on port 5003!
2024-09-21T18:51:20.631Z info: App listening on port 5003!
2024-09-21T18:52:01.435Z info: App listening on port 5003!
2024-09-24T07:20:03.140Z info: App listening on port 5003!
2024-09-24T09:40:05.825Z info: App listening on port 5003!
2024-09-24T09:53:30.961Z info: App listening on port 5003!
2024-09-24T10:17:20.798Z info: App listening on port 5003!
2024-09-24T10:46:58.927Z info: App listening on port 5003!
2024-09-24T10:47:59.646Z info: App listening on port 5003!
2024-09-24T10:49:06.047Z info: App listening on port 5003!
2024-09-24T10:49:38.505Z info: App listening on port 5003!
2024-09-24T10:50:47.374Z info: App listening on port 5003!
2024-09-24T16:32:34.358Z info: App listening on port 5003!
2024-09-24T16:47:46.466Z info: App listening on port 5003!
2024-09-24T16:48:31.077Z info: App listening on port 5003!
2024-09-24T18:04:22.294Z info: App listening on port 5003!
2024-09-24T18:13:51.441Z info: App listening on port 5003!
2024-09-24T18:14:20.095Z info: App listening on port 5003!
2024-09-24T18:14:43.002Z info: App listening on port 5003!
2024-09-24T18:16:49.240Z info: App listening on port 5003!
2024-09-24T18:17:23.062Z info: App listening on port 5003!
2024-09-24T18:18:36.672Z info: App listening on port 5003!
2024-09-24T18:25:44.429Z info: App listening on port 5003!
2024-09-24T18:27:43.429Z info: App listening on port 5003!
2024-09-26T07:00:52.974Z info: App listening on port 5003!
2024-09-26T07:01:33.099Z info: App listening on port 5003!
2024-09-26T07:44:43.769Z info: App listening on port 5003!
2024-09-26T07:45:51.852Z info: App listening on port 5003!
2024-09-26T07:46:35.963Z info: App listening on port 5003!
2024-09-26T07:48:19.328Z info: App listening on port 5003!
2024-09-26T07:48:43.627Z info: App listening on port 5003!
2024-09-26T07:50:00.061Z info: App listening on port 5003!
2024-09-26T07:51:31.189Z info: App listening on port 5003!
2024-09-26T15:44:18.652Z info: App listening on port 5003!
2024-09-26T16:51:42.705Z info: App listening on port 5003!
2024-09-26T18:04:10.874Z info: App listening on port 5003!
2024-10-01T06:24:41.125Z info: App listening on port 5003!
2024-10-03T10:42:36.443Z info: App listening on port 5003!
2024-10-03T10:51:54.500Z info: App listening on port 5003!
2024-10-05T02:56:21.350Z info: App listening on port 5003!
2024-10-05T07:12:35.894Z info: App listening on port 5003!
2024-11-14T18:25:55.708Z info: App listening on port 5003!
2024-11-14T18:27:09.627Z info: App listening on port 5003!
2024-11-15T01:43:58.644Z info: App listening on port 5003!
2024-11-20T09:43:06.351Z info: App listening on port 5003!
2024-11-20T11:01:42.796Z info: App listening on port 5003!
2024-11-20T12:10:03.951Z info: App listening on port 5003!
2024-11-20T12:11:40.433Z info: App listening on port 5003!
2024-11-20T12:13:02.530Z info: App listening on port 5003!
2024-11-20T12:14:32.370Z info: App listening on port 5003!
2024-11-21T16:14:24.043Z info: App listening on port 5003!
2024-11-27T06:14:16.811Z info: App listening on port 5003!
2024-12-04T06:49:55.160Z info: App listening on port 5003!
2024-12-04T09:07:32.597Z info: App listening on port 5003!
2024-12-05T06:30:56.637Z info: App listening on port 5003!
2024-12-05T10:20:01.132Z info: App listening on port 5003!
2024-12-05T10:22:24.119Z info: App listening on port 5003!
2024-12-05T10:27:57.666Z info: App listening on port 5003!
2024-12-05T10:47:57.335Z info: App listening on port 5003!
2024-12-05T10:50:03.564Z info: App listening on port 5003!
2024-12-05T10:51:23.014Z info: App listening on port 5003!
2024-12-05T10:52:43.219Z info: App listening on port 5003!
2024-12-05T10:54:06.291Z info: App listening on port 5003!
2024-12-16T11:07:43.560Z info: App listening on port 5003!
2024-12-17T16:06:38.420Z info: App listening on port 5003!
2025-03-18T11:05:00.968Z info: App listening on port 5003!
2025-03-19T09:02:16.343Z info: App listening on port 5003!
2025-03-19T09:04:29.417Z info: App listening on port 5003!
2025-03-19T09:07:45.103Z info: App listening on port 5003!
2025-03-19T09:09:43.468Z info: App listening on port 5003!
2025-03-19T09:16:06.598Z info: App listening on port 5003!
2025-03-20T05:58:48.019Z info: App listening on port 5003!
2025-03-20T06:02:12.285Z info: App listening on port 5003!
2025-03-20T06:05:09.213Z info: App listening on port 5003!
2025-03-22T16:59:03.669Z info: App listening on port 5003!
2025-03-23T07:05:19.657Z info: App listening on port 5003!
2025-03-23T07:15:08.237Z info: App listening on port 5003!
2025-03-25T11:09:44.152Z info: App listening on port 5003!
2025-03-25T11:11:42.362Z info: App listening on port 5003!
2025-03-25T11:12:24.328Z info: App listening on port 5003!
2025-03-25T11:13:01.868Z info: App listening on port 5003!
2025-03-25T11:13:56.550Z info: App listening on port 5003!
2025-03-25T11:14:50.747Z info: App listening on port 5003!
2025-03-25T11:22:46.020Z info: App listening on port 5003!
2025-03-25T11:23:26.363Z info: App listening on port 5003!
2025-03-25T11:24:39.067Z info: App listening on port 5003!
2025-03-25T11:26:29.355Z info: App listening on port 5003!
2025-03-25T11:32:57.707Z info: App listening on port 5003!
2025-03-25T11:33:55.500Z info: App listening on port 5003!
2025-03-25T11:34:35.582Z info: App listening on port 5003!
2025-03-25T11:42:05.955Z info: App listening on port 5003!
2025-03-26T05:43:13.699Z info: App listening on port 5003!
2025-03-26T08:12:05.370Z info: App listening on port 5003!
2025-03-26T08:13:52.262Z info: App listening on port 5003!
2025-03-26T08:16:37.076Z info: App listening on port 5003!
2025-03-26T08:20:30.004Z info: App listening on port 5003!
2025-03-26T08:29:43.603Z info: App listening on port 5003!
2025-03-26T08:30:26.524Z info: App listening on port 5003!
2025-03-26T08:40:56.293Z info: App listening on port 5003!
2025-03-26T08:41:35.721Z info: App listening on port 5003!
2025-03-26T08:45:15.625Z info: App listening on port 5003!
2025-03-26T09:06:49.438Z info: App listening on port 5003!
2025-03-26T09:10:30.474Z info: App listening on port 5003!
2025-03-26T09:10:54.720Z info: App listening on port 5003!
2025-03-26T09:53:34.086Z info: App listening on port 5003!
2025-03-26T11:13:34.600Z info: App listening on port 5003!
2025-03-26T11:16:28.975Z info: App listening on port 5003!
2025-03-26T11:17:13.707Z info: App listening on port 5003!
2025-03-26T11:18:05.667Z info: App listening on port 5003!
2025-03-26T11:19:21.100Z info: App listening on port 5003!
2025-03-26T11:22:01.334Z info: App listening on port 5003!
2025-03-26T11:27:22.599Z info: App listening on port 5003!
2025-03-26T11:29:55.722Z info: App listening on port 5003!
2025-03-26T11:33:01.228Z info: App listening on port 5003!
2025-03-26T11:36:39.958Z info: App listening on port 5003!
2025-03-26T11:37:49.442Z info: App listening on port 5003!
2025-03-26T11:38:48.156Z info: App listening on port 5003!
2025-03-26T11:39:17.366Z info: App listening on port 5003!
2025-03-26T15:46:50.078Z info: App listening on port 5003!
2025-03-26T15:57:50.168Z info: App listening on port 5003!
2025-03-26T15:59:10.286Z info: App listening on port 5003!
2025-03-26T16:20:01.461Z info: App listening on port 5003!
2025-03-26T17:15:50.028Z info: App listening on port 5003!
2025-03-26T18:11:29.450Z info: App listening on port 5003!
2025-03-26T18:14:10.487Z info: App listening on port 5003!
2025-03-26T18:16:06.908Z info: App listening on port 5003!
2025-03-26T19:26:28.282Z info: App listening on port 5003!
2025-03-26T19:28:58.446Z info: App listening on port 5003!
2025-03-27T04:40:26.524Z info: App listening on port 5003!
2025-03-27T06:47:32.417Z info: App listening on port 5003!
2025-03-27T07:28:54.518Z info: App listening on port 5003!
2025-03-27T10:40:02.214Z info: App listening on port 5003!
2025-04-05T09:31:46.645Z info: App listening on port 5003!
2025-04-05T10:01:00.586Z info: App listening on port 5003!
2025-04-05T10:05:52.992Z info: App listening on port 5003!
2025-04-07T06:56:53.043Z info: App listening on port 5003!
2025-04-07T17:13:35.296Z info: App listening on port 5003!
2025-04-07T17:18:24.113Z info: App listening on port 5003!
2025-04-07T17:19:26.210Z info: App listening on port 5003!
2025-04-07T17:22:43.075Z info: App listening on port 5003!
2025-04-07T17:31:45.036Z info: App listening on port 5003!
2025-04-07T17:35:27.378Z info: App listening on port 5003!
2025-04-07T17:42:20.206Z info: App listening on port 5003!
2025-04-10T10:11:24.056Z info: App listening on port 5003!
2025-04-10T10:19:32.144Z info: App listening on port 5003!
2025-04-10T13:59:45.449Z info: App listening on port 5003!
2025-04-10T14:11:06.070Z info: App listening on port 5003!
2025-04-10T14:16:01.835Z info: App listening on port 5003!
2025-04-10T14:45:27.639Z info: App listening on port 5003!
2025-04-10T16:32:19.462Z info: App listening on port 5003!
2025-04-10T16:32:53.481Z info: App listening on port 5003!
2025-04-10T16:34:10.181Z info: App listening on port 5003!
2025-04-10T16:41:50.850Z info: App listening on port 5003!
2025-04-10T16:52:01.773Z info: App listening on port 5003!
2025-04-10T16:53:57.113Z info: App listening on port 5003!
2025-04-10T16:54:43.552Z info: App listening on port 5003!
2025-04-10T17:00:00.971Z info: App listening on port 5003!
2025-04-10T17:02:22.059Z info: App listening on port 5003!
2025-04-10T17:05:31.259Z info: App listening on port 5003!
2025-04-10T17:20:41.932Z info: App listening on port 5003!
2025-04-10T17:22:17.939Z info: App listening on port 5003!
2025-04-10T17:30:47.491Z info: App listening on port 5003!
2025-04-10T17:32:29.813Z info: App listening on port 5003!
2025-04-10T17:41:34.950Z info: App listening on port 5003!
2025-04-10T17:42:42.497Z info: App listening on port 5003!
2025-04-10T17:43:32.101Z info: App listening on port 5003!
2025-04-11T11:29:59.236Z info: App listening on port 5003!
2025-04-12T04:23:21.793Z info: App listening on port 5003!
2025-04-12T10:27:27.939Z info: App listening on port 5003!
2025-04-12T10:28:43.675Z info: App listening on port 5003!
2025-04-12T10:31:42.556Z info: App listening on port 5003!
2025-04-12T10:31:53.595Z info: App listening on port 5003!
2025-04-12T10:32:59.242Z info: App listening on port 5003!
2025-04-12T10:34:35.838Z info: App listening on port 5003!
2025-04-12T12:35:57.856Z info: App listening on port 5003!
2025-04-13T01:46:27.189Z info: App listening on port 5003!
2025-04-13T01:56:16.974Z info: App listening on port 5003!
2025-04-13T02:22:55.395Z info: App listening on port 5003!
2025-04-13T06:33:03.890Z info: App listening on port 5003!
2025-04-14T10:01:38.269Z info: App listening on port 5003!
2025-04-14T13:52:45.270Z info: App listening on port 5003!
2025-04-14T13:59:44.989Z info: App listening on port 5003!
2025-04-14T13:59:59.250Z info: App listening on port 5003!
2025-04-14T16:01:25.050Z info: App listening on port 5003!
2025-04-14T16:01:53.431Z info: App listening on port 5003!
2025-04-14T16:57:47.505Z info: App listening on port 5003!
2025-04-14T17:02:37.573Z info: App listening on port 5003!
2025-04-14T17:03:49.108Z info: App listening on port 5003!
2025-04-14T17:23:45.241Z info: App listening on port 5003!
2025-04-14T17:24:58.762Z info: App listening on port 5003!
2025-04-15T05:51:39.890Z info: App listening on port 5003!
2025-04-15T05:51:54.806Z info: App listening on port 5003!
2025-04-15T05:52:14.147Z info: App listening on port 5003!
2025-04-15T06:43:15.897Z info: App listening on port 5003!
2025-04-15T06:45:27.052Z info: App listening on port 5003!
2025-04-15T06:47:37.800Z info: App listening on port 5003!
2025-04-15T07:16:02.237Z info: App listening on port 5003!
2025-04-19T10:23:54.126Z info: App listening on port 5003!
2025-04-21T05:03:29.099Z info: App listening on port 5003!
2025-04-21T10:04:49.259Z info: App listening on port 5003!
2025-04-21T10:12:15.650Z info: App listening on port 5003!
2025-04-21T10:14:34.964Z info: App listening on port 5003!
2025-04-21T10:15:45.596Z info: App listening on port 5003!
2025-04-21T10:27:40.448Z info: App listening on port 5003!
2025-04-21T10:33:07.261Z info: App listening on port 5003!
2025-04-21T10:37:38.003Z info: App listening on port 5003!
2025-04-21T10:43:01.060Z info: App listening on port 5003!
2025-04-21T11:00:51.141Z info: App listening on port 5003!
2025-04-21T11:01:18.989Z info: App listening on port 5003!
2025-04-21T11:12:22.737Z info: App listening on port 5003!
2025-04-21T11:33:46.421Z info: App listening on port 5003!
2025-04-21T11:43:20.507Z info: App listening on port 5003!
2025-04-21T16:12:45.496Z info: App listening on port 5003!
2025-04-21T16:13:34.594Z info: App listening on port 5003!
2025-04-21T16:19:25.186Z info: App listening on port 5003!
2025-04-21T16:20:00.349Z info: App listening on port 5003!
2025-04-21T16:21:16.367Z info: App listening on port 5003!
2025-04-22T06:20:46.300Z info: App listening on port 5003!
2025-04-22T06:23:17.858Z info: App listening on port 5003!
2025-04-22T06:33:01.335Z info: App listening on port 5003!
2025-04-22T06:34:40.806Z info: App listening on port 5003!
2025-04-22T06:35:25.053Z info: App listening on port 5003!
2025-04-22T06:40:18.768Z info: App listening on port 5003!
2025-04-22T06:40:57.998Z info: App listening on port 5003!
2025-04-22T06:41:21.085Z info: App listening on port 5003!
2025-04-22T06:43:12.506Z info: App listening on port 5003!
2025-04-22T06:43:45.277Z info: App listening on port 5003!
2025-04-22T06:43:59.801Z info: App listening on port 5003!
2025-04-22T06:44:41.516Z info: App listening on port 5003!
2025-04-22T06:45:32.471Z info: App listening on port 5003!
2025-04-22T07:38:27.224Z info: App listening on port 5003!
2025-04-22T07:40:25.176Z info: App listening on port 5003!
2025-04-22T07:55:02.266Z info: App listening on port 5003!
2025-04-22T07:57:04.138Z info: App listening on port 5003!
2025-04-22T07:57:53.980Z info: App listening on port 5003!
2025-04-22T08:01:55.374Z info: App listening on port 5003!
2025-04-22T08:04:28.749Z info: App listening on port 5003!
2025-04-22T08:06:19.694Z info: App listening on port 5003!
2025-04-22T16:55:32.035Z info: App listening on port 5003!
2025-04-22T16:59:15.554Z info: App listening on port 5003!
2025-04-22T17:01:37.134Z info: App listening on port 5003!
2025-04-22T17:08:21.647Z info: App listening on port 5003!
2025-04-22T17:18:24.532Z info: App listening on port 5003!
2025-04-22T17:19:57.623Z info: App listening on port 5003!
2025-04-22T17:33:03.947Z info: App listening on port 5003!
2025-04-22T17:35:46.104Z info: App listening on port 5003!
2025-04-22T17:44:44.247Z info: App listening on port 5003!
2025-04-22T17:51:32.167Z info: App listening on port 5003!
2025-04-22T17:54:16.001Z info: App listening on port 5003!
2025-04-22T18:00:19.769Z info: App listening on port 5003!
2025-04-22T18:01:50.421Z info: App listening on port 5003!
2025-04-22T18:03:40.342Z info: App listening on port 5003!
2025-04-22T18:31:47.133Z info: App listening on port 5003!
2025-04-23T16:34:40.110Z info: App listening on port 5003!
2025-04-26T10:50:05.517Z info: App listening on port 5003!
2025-04-28T05:59:16.589Z info: App listening on port 5003!
2025-04-28T06:34:15.012Z info: App listening on port 5003!
2025-04-29T16:16:34.472Z info: App listening on port 5003!
2025-04-30T07:39:30.448Z info: App listening on port 5003!
2025-04-30T07:40:14.414Z info: App listening on port 5003!
2025-04-30T07:41:30.208Z info: App listening on port 5003!
2025-04-30T07:43:22.935Z info: App listening on port 5003!
2025-04-30T07:43:48.084Z info: App listening on port 5003!
2025-04-30T07:48:29.504Z info: App listening on port 5003!
2025-04-30T07:50:04.833Z info: App listening on port 5003!
2025-04-30T17:25:17.318Z info: App listening on port 5003!
2025-04-30T17:26:24.621Z info: App listening on port 5003!
2025-04-30T17:30:33.693Z info: App listening on port 5003!
2025-04-30T17:37:46.039Z info: App listening on port 5003!
2025-04-30T17:40:10.984Z info: App listening on port 5003!
2025-04-30T17:43:07.936Z info: App listening on port 5003!
2025-04-30T17:44:13.643Z info: App listening on port 5003!
2025-04-30T17:45:55.331Z info: App listening on port 5003!
2025-05-01T11:21:24.142Z info: App listening on port 5003!
2025-05-01T11:24:36.584Z info: App listening on port 5003!
2025-05-01T11:44:30.752Z info: App listening on port 5003!
2025-05-02T16:57:37.045Z info: App listening on port 5003!
2025-05-02T17:06:19.380Z info: App listening on port 5003!
2025-05-06T09:12:58.048Z info: App listening on port 5003!
2025-05-06T09:17:40.713Z info: App listening on port 5003!
2025-05-06T09:18:29.913Z info: App listening on port 5003!
2025-05-06T09:30:54.114Z info: App listening on port 5003!
2025-05-06T09:31:27.819Z info: App listening on port 5003!
2025-05-06T09:34:22.429Z info: App listening on port 5003!
2025-05-06T11:55:19.973Z info: App listening on port 5003!
2025-05-06T15:55:22.626Z info: App listening on port 5003!
2025-05-06T15:58:11.780Z info: App listening on port 5003!
2025-05-06T17:32:13.247Z info: App listening on port 5003!
2025-05-06T17:34:14.512Z info: App listening on port 5003!
2025-05-06T17:35:26.432Z info: App listening on port 5003!
2025-05-06T17:43:40.958Z info: App listening on port 5003!
2025-05-06T17:44:52.279Z info: App listening on port 5003!
2025-05-06T17:47:24.750Z info: App listening on port 5003!
2025-05-06T17:56:44.542Z info: App listening on port 5003!
2025-05-06T18:06:53.484Z info: App listening on port 5003!
